<?xml version="1.0" encoding="UTF-8" standalone="no"?><testsuites><testsuite errors="1" failures="1" hostname="0123456789ABCDEF_telechips_AndroidforTelechipsM801EvaluationBoard" name="jp.co.fttx.rakuphotomail.test" tests="22" time="0.0000" timestamp="Wed Nov 09 15:20:52 JST 2011"><properties><property name="java.runtime.name" value="Java(TM) SE Runtime Environment"/><property name="sun.boot.library.path" value="/usr/java/jdk1.7.0/jre/lib/i386"/><property name="java.vm.version" value="21.0-b17"/><property name="java.vm.vendor" value="Oracle Corporation"/><property name="java.vendor.url" value="http://java.oracle.com/"/><property name="path.separator" value=":"/><property name="java.vm.name" value="Java HotSpot(TM) Server VM"/><property name="file.encoding.pkg" value="sun.io"/><property name="user.country" value="JP"/><property name="sun.java.launcher" value="SUN_STANDARD"/><property name="sun.os.patch.level" value="unknown"/><property name="java.vm.specification.name" value="Java Virtual Machine Specification"/><property name="user.dir" value="/home/tooru.oguri/workspace/rakuphotomail-parent"/><property name="java.runtime.version" value="1.7.0-b147"/><property name="java.awt.graphicsenv" value="sun.awt.X11GraphicsEnvironment"/><property name="java.endorsed.dirs" value="/usr/java/jdk1.7.0/jre/lib/endorsed"/><property name="os.arch" value="i386"/><property name="java.io.tmpdir" value="/tmp"/><property name="line.separator" value="&#10;"/><property name="java.vm.specification.vendor" value="Oracle Corporation"/><property name="os.name" value="Linux"/><property name="net.sourceforge.cobertura.datafile" value="/home/tooru.oguri/workspace/rakuphotomail-parent/rakuphotomail-it/target/cobertura/cobertura.ser"/><property name="classworlds.conf" value="/usr/share/maven/bin/m2.conf"/><property name="sun.jnu.encoding" value="UTF-8"/><property name="java.library.path" value="/usr/java/packages/lib/i386:/lib:/usr/lib"/><property name="java.specification.name" value="Java Platform API Specification"/><property name="java.class.version" value="51.0"/><property name="sun.management.compiler" value="HotSpot Tiered Compilers"/><property name="os.version" value="2.6.40.6-0.fc15.i686.PAE"/><property name="user.home" value="/home/tooru.oguri"/><property name="user.timezone" value="Asia/Tokyo"/><property name="java.awt.printerjob" value="sun.print.PSPrinterJob"/><property name="file.encoding" value="UTF-8"/><property name="java.specification.version" value="1.7"/><property name="java.class.path" value="/usr/share/maven/boot/plexus-classworlds.jar"/><property name="user.name" value="tooru.oguri"/><property name="java.vm.specification.version" value="1.7"/><property name="sun.java.command" value="org.codehaus.plexus.classworlds.launcher.Launcher integration-test"/><property name="java.home" value="/usr/java/jdk1.7.0/jre"/><property name="sun.arch.data.model" value="32"/><property name="user.language" value="ja"/><property name="java.specification.vendor" value="Oracle Corporation"/><property name="awt.toolkit" value="sun.awt.X11.XToolkit"/><property name="java.vm.info" value="mixed mode"/><property name="java.version" value="1.7.0"/><property name="securerandom.source" value="file:/dev/./urandom"/><property name="java.ext.dirs" value="/usr/java/jdk1.7.0/jre/lib/ext:/usr/java/packages/lib/ext"/><property name="sun.boot.class.path" value="/usr/java/jdk1.7.0/jre/lib/resources.jar:/usr/java/jdk1.7.0/jre/lib/rt.jar:/usr/java/jdk1.7.0/jre/lib/sunrsasign.jar:/usr/java/jdk1.7.0/jre/lib/jsse.jar:/usr/java/jdk1.7.0/jre/lib/jce.jar:/usr/java/jdk1.7.0/jre/lib/charsets.jar:/usr/java/jdk1.7.0/jre/classes"/><property name="java.vendor" value="Oracle Corporation"/><property name="maven.home" value="/usr/share/maven"/><property name="file.separator" value="/"/><property name="java.vendor.url.bug" value="http://bugreport.sun.com/bugreport/"/><property name="sun.io.unicode.encoding" value="UnicodeLittle"/><property name="sun.cpu.endian" value="little"/><property name="project.build.outputDirectory" value="/home/tooru.oguri/workspace/rakuphotomail-parent/rakuphotomail-it/target/generated-classes/cobertura"/><property name="sun.desktop" value="gnome"/><property name="sun.cpu.isalist" value=""/><property name="ro.product.manufacturer" value="telechips"/><property name="gsm.sim.operator.alpha" value=""/><property name="sys.settings_secure_version" value="6"/><property name="ro.product.model" value="Android for Telechips M801 Evaluation Board"/><property name="gsm.operator.iso-country" value=""/><property name="rild.gprs.status" value="unknow"/><property name="persist.sys.hdmi_resolution" value="0"/><property name="ro.bootloader" value="unknown"/><property name="init.svc.vold" value="running"/><property name="keyguard.no_require_sim" value="true"/><property name="net.hostname" value="android_8b370d957601fcd4"/><property name="tcc.unfied.nand.db.status" value="available"/><property name="ro.build.version.sdk" value="9"/><property name="tcc.video.deinterlace.support" value="0"/><property name="tcc.hdmi.720p.fixed" value="0"/><property name="rild.libargs.list10" value="fixed:-d /dev/ttyACM2"/><property name="ro.HIDDEN_APP_MEM" value="7168"/><property name="hw.keyboards.65536.devname" value="telechips remote controller"/><property name="rild.libargs.list11" value="auto"/><property name="rild.device.list0" value="EM660C"/><property name="rild.device.list1" value="EM660"/><property name="rild.device.list2" value="EM770"/><property name="tcc.solution.skipMicroThumb" value="1"/><property name="rild.device.list3" value="E1750"/><property name="rild.device.list4" value="EC122"/><property name="gsm.operator.isroaming" value="false"/><property name="rild.device.list5" value="EC169C"/><property name="ro.system.hdmi_active" value="true"/><property name="rild.device.list6" value="E1752"/><property name="tcc.internal.subtitle" value="1"/><property name="dhcp.wlan0.dns3" value="172.17.2.5"/><property name="dhcp.wlan0.dns2" value="172.30.16.5"/><property name="dhcp.wlan0.dns1" value="172.30.16.10"/><property name="ro.EMPTY_APP_MEM" value="8192"/><property name="ro.allow.mock.location" value="1"/><property name="dhcp.wlan0.dns4" value="172.17.2.4"/><property name="init.svc.dhcp-service" value="stopped"/><property name="net.tcp.buffersize.wifi" value="4095,87380,110208,4096,16384,110208"/><property name="tcc.alsa.sampling_rate" value="1"/><property name="ro.HEAVY_WEIGHT_APP_MEM" value="4096"/><property name="ro.product.brand" value="telechips"/><property name="ro.HIDDEN_APP_MIN_ADJ" value="7"/><property name="rild.device.list9" value="MU509"/><property name="persist.sys.output_mode" value="0"/><property name="rild.device.list8" value="K3765"/><property name="rild.device.list7" value="K80"/><property name="dhcp.wlan0.result" value="ok"/><property name="tcc.nand.db.status" value="available"/><property name="ro.ril.hsxpa" value="1"/><property name="ro.product.device" value="m801"/><property name="dev.bootcomplete" value="1"/><property name="wifi.eng.enabled" value="false"/><property name="gsm.sim.state" value="UNKNOWN"/><property name="tcc.video.vsync.support" value="1"/><property name="rild.device" value="unknow0"/><property name="ro.hardware" value="m801_88"/><property name="ro.media.aud.rate.changeable" value="0"/><property name="ro.build.id" value="GRH78"/><property name="init.svc.dhcpcd" value="running"/><property name="rild.libpath.list9" value="/system/lib/libtcc89xx-wcdma-em770-ril.so"/><property name="rild.libargs.list9" value="auto"/><property name="tcc.asec.mount.volume" value="nand"/><property name="sys.boot_completed" value="1"/><property name="rild.libpath.list3" value="/system/lib/libtcc89xx-wcdma-em770-ril.so"/><property name="ro.product.name" value="full_m801"/><property name="net.change" value="net.dnschange"/><property name="rild.libpath.list4" value="/system/lib/libtcc89xx-evdo-em660-ril.so"/><property name="rild.libpath.list1" value="/system/lib/libtcc89xx-evdo-em660-ril.so"/><property name="rild.libpath.list2" value="/system/lib/libtcc89xx-wcdma-em770-ril.so"/><property name="rild.libpath.list7" value="/system/lib/libtcc89xx-wcdma-titan-ril.so"/><property name="ro.build.tags" value="test-keys"/><property name="rild.libpath.list8" value="/system/lib/libtcc89xx-wcdma-em770-ril.so"/><property name="rild.libpath.list5" value="/system/lib/libtcc89xx-evdo-em660-ril.so"/><property name="rild.libpath.list6" value="/system/lib/libtcc89xx-wcdma-em770-ril.so"/><property name="ro.SECONDARY_SERVER_MEM" value="6144"/><property name="ro.SECONDARY_SERVER_ADJ" value="4"/><property name="ro.build.version.codename" value="REL"/><property name="rild.libpath.list0" value="/system/lib/libtcc89xx-evdo-em660-ril.so"/><property name="rild.libargs.list0" value="auto"/><property name="ro.media.dec.jpeg.memcap" value="20000000"/><property name="rild.libargs.list3" value="auto"/><property name="ro.product.cpu.abi" value="armeabi-v7a"/><property name="init.svc.wlan_tool" value="stopped"/><property name="dhcp.wlan0.pid" value="11912"/><property name="rild.libargs.list4" value="auto"/><property name="ro.kernel.android.checkjni" value="1"/><property name="rild.libargs.list1" value="auto"/><property name="rild.libargs.list2" value="auto"/><property name="rild.libargs.list7" value="-x /dev/ttyUSB1"/><property name="rild.libargs.list8" value="auto"/><property name="rild.libargs.list5" value="auto"/><property name="ro.sf.lcd_density" value="240"/><property name="rild.libargs.list6" value="auto"/><property name="dalvik.vm.heapsize" value="24m"/><property name="init.svc.bootanim" value="stopped"/><property name="dalvik.vm.stack-trace-file" value="/data/anr/traces.txt"/><property name="net.tcp.buffersize.edge" value="4093,26280,35040,4096,16384,35040"/><property name="net.wlan0.dns1" value="172.30.16.10"/><property name="ro.serialno" value="F100BC0F2B024B2511052511414300C"/><property name="net.wlan0.dns2" value="172.30.16.5"/><property name="ro.build.date" value="2011年 04月 27日 星期三 14:56:47 HKT"/><property name="ro.com.android.dataroaming" value="true"/><property name="ro.media.dec.aud.wma.enabled" value="1"/><property name="tcc.extract.thumbnail.status" value="resume"/><property name="persist.sys.composite_mode" value="0"/><property name="wifi.supp_delay_para" value="800"/><property name="init.svc.console" value="running"/><property name="wlan.driver.status" value="ok"/><property name="ro.product.cpu.abi2" value="armeabi"/><property name="init.svc.zygote" value="running"/><property name="ro.system.component_active" value="false"/><property name="init.svc.servicemanager" value="running"/><property name="ro.build.user" value="watt"/><property name="ro.media.dec.aud.ra.enabled" value="1"/><property name="tcc.parser.sequential" value="1"/><property name="gsm.sim.operator.iso-country" value=""/><property name="ro.FOREGROUND_APP_ADJ" value="0"/><property name="ro.build.type" value="eng"/><property name="ro.secure" value="0"/><property name="ro.carrier" value="unknown"/><property name="ro.build.version.incremental" value="20110427.145624"/><property name="init.svc.adbd" value="running"/><property name="gsm.operator.alpha" value=""/><property name="net.dns2" value="172.30.16.5"/><property name="net.dns1" value="172.30.16.10"/><property name="init.svc.ril-daemon" value="running"/><property name="ro.debuggable" value="1"/><property name="init.svc.debuggerd" value="running"/><property name="persist.sys.language" value="ja"/><property name="ro.HEAVY_WEIGHT_APP_ADJ" value="3"/><property name="ro.HOME_APP_MEM" value="6144"/><property name="ro.factorytest" value="0"/><property name="ro.build.fingerprint" value="telechips/full_m801/m801:2.3.1/GRH78/20110427.145624:eng/test-keys"/><property name="ro.VISIBLE_APP_ADJ" value="1"/><property name="net.dnschange" value="3"/><property name="ro.build.product" value="m801"/><property name="ro.setupwizard.mode" value="OPTIONAL"/><property name="ro.media.dec.vid.max_width" value="1920"/><property name="net.bt.name" value="Android"/><property name="init.svc.wpa_supplicant" value="running"/><property name="ro.PERCEPTIBLE_APP_ADJ" value="2"/><property name="ro.bootmode" value="unknown"/><property name="ro.baseband" value="unknown"/><property name="ro.build.host" value="watt-liweigang"/><property name="ro.runtime.firstboot" value="1320710992230"/><property name="ro.BACKUP_APP_ADJ" value="5"/><property name="ro.build.display.id" value="full_m801-eng 2.3.1 GRH78 20110427.145624 test-keys"/><property name="dhcp.wlan0.server" value="172.30.16.10"/><property name="ro.revision" value="0"/><property name="ro.HOME_APP_ADJ" value="6"/><property name="ro.product.locale.region" value="US"/><property name="persist.sys.timezone" value="Asia/Tokyo"/><property name="ro.system.composite_active" value="false"/><property name="ro.VISIBLE_APP_MEM" value="3072"/><property name="ro.media.dec.vid.max_height" value="1088"/><property name="gsm.operator.numeric" value=""/><property name="tcc.output.support.camera" value="0"/><property name="init.svc.dbus" value="running"/><property name="persist.service.adb.enable" value="1"/><property name="persist.sys.localevar" value=""/><property name="gsm.sim.operator.numeric" value=""/><property name="wifi.supplicant_scan_interval" value="10"/><property name="wifi.wapi.supported" value="true"/><property name="ro.config.notification_sound" value="OnTheHunt.ogg"/><property name="ro.build.date.utc" value="1303887407"/><property name="ro.board.platform" value="tcc88xx"/><property name="ro.product.locale.language" value="en"/><property name="ro.media.dec.vid.rv.enabled" value="1"/><property name="persist.sys.hdmi_auto_select" value="1"/><property name="init.svc.keystore" value="running"/><property name="init.svc.netd" value="running"/><property name="ro.FOREGROUND_APP_MEM" value="2048"/><property name="ro.PERCEPTIBLE_APP_MEM" value="4096"/><property name="ro.radio.use-ppp" value="yes"/><property name="ro.com.android.dateformat" value="MM-dd-yyyy"/><property name="net.tcp.buffersize.default" value="4096,87380,110208,4096,16384,110208"/><property name="net.tcp.buffersize.umts" value="4094,87380,110208,4096,16384,110208"/><property name="ro.config.alarm_alert" value="Alarm_Classic.ogg"/><property name="hw.keyboards.65537.devname" value="m801_88-gpiokey"/><property name="rild.libpath.list10" value="/system/lib/libtcc89xx-tdscdma-ril.so"/><property name="ro.product.board" value="m801_evm"/><property name="rild.libpath.list11" value="/system/lib/libtcc89xx-wcdma-em770-ril.so"/><property name="ro.build.description" value="full_m801-eng 2.3.1 GRH78 20110427.145624 test-keys"/><property name="init.svc.media" value="running"/><property name="dhcp.wlan0.ipaddress" value="172.30.44.112"/><property name="persist.sys.country" value="JP"/><property name="net.tcp.buffersize.gprs" value="4092,8760,11680,4096,8760,11680"/><property name="rild.device.list10" value="EM560"/><property name="rild.device.list11" value="29"/><property name="ro.ril.gprsclass" value="10"/><property name="ro.build.version.release" value="2.3.1"/><property name="ro.media.dec.vid.wmv.enabled" value="1"/><property name="gsm.current.phone-type" value="1"/><property name="ro.system.hdmi_max_resolution" value="fullhd"/><property name="ro.opengles.version" value="131072"/><property name="dhcp.wlan0.reason" value="BOUND"/><property name="dhcp.wlan0.mask" value="255.255.255.0"/><property name="ro.EMPTY_APP_ADJ" value="15"/><property name="init.svc.installd" value="running"/><property name="dhcp.wlan0.leasetime" value="691200"/><property name="dhcp.wlan0.gateway" value="172.30.44.1"/><property name="ro.wifi.channels" value=""/><property name="ro.BACKUP_APP_MEM" value="6144"/></properties><testcase classname="jp.co.fttx.rakuphotomail.test.AccountsTest" name="testHoge" time="0.0260"/><testcase classname="jp.co.fttx.rakuphotomail.test.GallerySendingMailTest" name="testInitialInput" time="0.9820"/><testcase classname="jp.co.fttx.rakuphotomail.test.GallerySendingMailTest" name="testInitialInputHint" time="1.0820"/><testcase classname="jp.co.fttx.rakuphotomail.test.GallerySendingMailTest" name="testNotNullMMailContent" time="0.8060"/><testcase classname="jp.co.fttx.rakuphotomail.test.GallerySendingMailTest" name="testNotNullMSend" time="1.1580"/><testcase classname="jp.co.fttx.rakuphotomail.test.GallerySendingMailTest" name="testNotNullMSentFlag" time="1.0070"/><testcase classname="jp.co.fttx.rakuphotomail.test.GallerySendingMailTest" name="testNotNullMTo" time="1.2850"/><testcase classname="jp.co.fttx.rakuphotomail.test.GallerySendingMailTest" name="testNotNullMToName" time="0.7560"/><testcase classname="jp.co.fttx.rakuphotomail.test.GallerySendingMailTest" name="testReplyMailSizeOK" time="1.5380"><failure message="" type="junit.framework.ComparisonFailure">junit.framework.ComparisonFailure: expected:&lt;...ん&gt; but was:&lt;...n&gt;&#13;
at jp.co.fttx.rakuphotomail.test.GallerySendingMailTest.testReplyMailSizeOK(GallerySendingMailTest.java:322)&#13;
at java.lang.reflect.Method.invokeNative(Native Method)&#13;
at android.test.InstrumentationTestCase.runMethod(InstrumentationTestCase.java:204)&#13;
at android.test.InstrumentationTestCase.runTest(InstrumentationTestCase.java:194)&#13;
at android.test.ActivityInstrumentationTestCase2.runTest(ActivityInstrumentationTestCase2.java:186)&#13;
at android.test.AndroidTestRunner.runTest(AndroidTestRunner.java:169)&#13;
at android.test.AndroidTestRunner.runTest(AndroidTestRunner.java:154)&#13;
at android.test.InstrumentationTestRunner.onStart(InstrumentationTestRunner.java:529)&#13;
at android.app.Instrumentation$InstrumentationThread.run(Instrumentation.java:1447)&#13;
</failure></testcase><testcase classname="jp.co.fttx.rakuphotomail.test.GallerySendingMailTest" name="testReplyMailSizeOKBoundaryvalue" time="1.4100"><error message="" type="Test failed to run to completion. Reason">Test failed to run to completion. Reason: 'Instrumentation run failed due to 'java.lang.NullPointerException''. Check device logcat for details</error></testcase></testsuite></testsuites>